<?xml version="1.0" encoding="UTF-8"?>
<testsuite name="org.apache.tika.parser.pdf.PDFParserTest" time="19.855" tests="34" errors="0" skipped="0" failures="0">
  <properties>
    <property name="java.runtime.name" value="Java(TM) SE Runtime Environment"/>
    <property name="sun.boot.library.path" value="C:\Program Files\Java\jdk1.8.0_60\jre\bin"/>
    <property name="java.vm.version" value="25.60-b23"/>
    <property name="java.vm.vendor" value="Oracle Corporation"/>
    <property name="maven.multiModuleProjectDirectory" value="C:\tika-1.11"/>
    <property name="java.vendor.url" value="http://java.oracle.com/"/>
    <property name="path.separator" value=";"/>
    <property name="guice.disable.misplaced.annotation.check" value="true"/>
    <property name="java.vm.name" value="Java HotSpot(TM) 64-Bit Server VM"/>
    <property name="file.encoding.pkg" value="sun.io"/>
    <property name="user.script" value=""/>
    <property name="user.country" value="US"/>
    <property name="sun.java.launcher" value="SUN_STANDARD"/>
    <property name="sun.os.patch.level" value=""/>
    <property name="java.vm.specification.name" value="Java Virtual Machine Specification"/>
    <property name="user.dir" value="C:\tika-1.11"/>
    <property name="java.runtime.version" value="1.8.0_60-b27"/>
    <property name="java.awt.graphicsenv" value="sun.awt.Win32GraphicsEnvironment"/>
    <property name="java.endorsed.dirs" value="C:\Program Files\Java\jdk1.8.0_60\jre\lib\endorsed"/>
    <property name="os.arch" value="amd64"/>
    <property name="java.io.tmpdir" value="C:\Users\ADESHG~1\AppData\Local\Temp\"/>
    <property name="line.separator" value="&#10;"/>
    <property name="java.vm.specification.vendor" value="Oracle Corporation"/>
    <property name="user.variant" value=""/>
    <property name="os.name" value="Windows 10"/>
    <property name="classworlds.conf" value="C:\apache-maven-3.3.9\bin\..\bin\m2.conf"/>
    <property name="sun.jnu.encoding" value="Cp1252"/>
    <property name="java.library.path" value="C:\Program Files\Java\jdk1.8.0_60\bin;C:\WINDOWS\Sun\Java\bin;C:\WINDOWS\system32;C:\WINDOWS;C:\ProgramData\Oracle\Java\javapath;C:\Program Files\Java\jdk1.8.0_60\bin;C:\Program Files (x86)\Java\jre1.8.0_60\bin;C:\Program Files (x86)\Java\jre1.8.0_51\bin;C:\Program Files (x86)\Intel\iCLS Client\;C:\Program Files\Intel\iCLS Client\;C:\WINDOWS\system32;C:\WINDOWS;C:\WINDOWS\System32\Wbem;C:\WINDOWS\System32\WindowsPowerShell\v1.0\;C:\Program Files\Intel\Intel(R) Management Engine Components\DAL;C:\Program Files (x86)\Intel\Intel(R) Management Engine Components\DAL;C:\Program Files\Intel\Intel(R) Management Engine Components\IPT;C:\Program Files (x86)\Intel\Intel(R) Management Engine Components\IPT;C:\Program Files (x86)\Skype\Phone\;C:\Program Files (x86)\PuTTY\;C:\Program Files\Intel\WiFi\bin\;C:\Program Files\Common Files\Intel\WirelessCommon\;D:\Homeworks\Big Data;C:\Program Files\Amazon\AWSCLI\;C:\Python27\;C:\apache-maven-3.3.9\bin;C:\Users\adeshgupta\AppData\Local\GitHubCLI\bin;C:\hub-windows-amd64-2.2.3\bin;."/>
    <property name="java.specification.name" value="Java Platform API Specification"/>
    <property name="java.class.version" value="52.0"/>
    <property name="sun.management.compiler" value="HotSpot 64-Bit Tiered Compilers"/>
    <property name="os.version" value="10.0"/>
    <property name="user.home" value="C:\Users\adeshgupta"/>
    <property name="user.timezone" value="America/Los_Angeles"/>
    <property name="java.awt.printerjob" value="sun.awt.windows.WPrinterJob"/>
    <property name="java.specification.version" value="1.8"/>
    <property name="file.encoding" value="Cp1252"/>
    <property name="user.name" value="adeshgupta"/>
    <property name="java.class.path" value="C:\apache-maven-3.3.9\bin\..\boot\plexus-classworlds-2.5.2.jar"/>
    <property name="java.vm.specification.version" value="1.8"/>
    <property name="sun.arch.data.model" value="64"/>
    <property name="java.home" value="C:\Program Files\Java\jdk1.8.0_60\jre"/>
    <property name="sun.java.command" value="org.codehaus.plexus.classworlds.launcher.Launcher clean install"/>
    <property name="java.specification.vendor" value="Oracle Corporation"/>
    <property name="user.language" value="en"/>
    <property name="awt.toolkit" value="sun.awt.windows.WToolkit"/>
    <property name="java.vm.info" value="mixed mode"/>
    <property name="java.version" value="1.8.0_60"/>
    <property name="java.ext.dirs" value="C:\Program Files\Java\jdk1.8.0_60\jre\lib\ext;C:\WINDOWS\Sun\Java\lib\ext"/>
    <property name="sun.boot.class.path" value="C:\Program Files\Java\jdk1.8.0_60\jre\lib\resources.jar;C:\Program Files\Java\jdk1.8.0_60\jre\lib\rt.jar;C:\Program Files\Java\jdk1.8.0_60\jre\lib\sunrsasign.jar;C:\Program Files\Java\jdk1.8.0_60\jre\lib\jsse.jar;C:\Program Files\Java\jdk1.8.0_60\jre\lib\jce.jar;C:\Program Files\Java\jdk1.8.0_60\jre\lib\charsets.jar;C:\Program Files\Java\jdk1.8.0_60\jre\lib\jfr.jar;C:\Program Files\Java\jdk1.8.0_60\jre\classes"/>
    <property name="sun.stderr.encoding" value="cp437"/>
    <property name="java.vendor" value="Oracle Corporation"/>
    <property name="maven.home" value="C:\apache-maven-3.3.9\bin\.."/>
    <property name="file.separator" value="\"/>
    <property name="java.vendor.url.bug" value="http://bugreport.sun.com/bugreport/"/>
    <property name="sun.cpu.endian" value="little"/>
    <property name="sun.io.unicode.encoding" value="UnicodeLittle"/>
    <property name="sun.stdout.encoding" value="cp437"/>
    <property name="sun.desktop" value="windows"/>
    <property name="sun.cpu.isalist" value="amd64"/>
  </properties>
  <testcase name="testOSSpecificEmbeddedFileExtraction" classname="org.apache.tika.parser.pdf.PDFParserTest" time="0.054"/>
  <testcase name="testSignatureInAcroForm" classname="org.apache.tika.parser.pdf.PDFParserTest" time="0.073"/>
  <testcase name="testDisableAutoSpace" classname="org.apache.tika.parser.pdf.PDFParserTest" time="0.062"/>
  <testcase name="testDuplicateOverlappingText" classname="org.apache.tika.parser.pdf.PDFParserTest" time="0.039"/>
  <testcase name="testEmbeddedPDFs" classname="org.apache.tika.parser.pdf.PDFParserTest" time="0.171"/>
  <testcase name="testAnnotations" classname="org.apache.tika.parser.pdf.PDFParserTest" time="0.048"/>
  <testcase name="testBookmarks" classname="org.apache.tika.parser.pdf.PDFParserTest" time="0.041"/>
  <testcase name="testEmbeddedPDFEmbeddingAnotherDocument" classname="org.apache.tika.parser.pdf.PDFParserTest" time="0.146"/>
  <testcase name="testVersions" classname="org.apache.tika.parser.pdf.PDFParserTest" time="0.113"/>
  <testcase name="testLinks" classname="org.apache.tika.parser.pdf.PDFParserTest" time="0.052"/>
  <testcase name="testSortByPosition" classname="org.apache.tika.parser.pdf.PDFParserTest" time="0.057"/>
  <testcase name="testEmbeddedFileMarkup" classname="org.apache.tika.parser.pdf.PDFParserTest" time="3.061"/>
  <testcase name="testEmbeddedFileNameExtraction" classname="org.apache.tika.parser.pdf.PDFParserTest" time="0.025"/>
  <testcase name="testEmbeddedFilesInAnnotations" classname="org.apache.tika.parser.pdf.PDFParserTest" time="0.035"/>
  <testcase name="testLegacyAccessChecking" classname="org.apache.tika.parser.pdf.PDFParserTest" time="0.282"/>
  <testcase name="testInlineSelector" classname="org.apache.tika.parser.pdf.PDFParserTest" time="3.042"/>
  <testcase name="testMultipleTitles" classname="org.apache.tika.parser.pdf.PDFParserTest" time="0.029"/>
  <testcase name="testCustomMetadata" classname="org.apache.tika.parser.pdf.PDFParserTest" time="0.023"/>
  <testcase name="testVarious" classname="org.apache.tika.parser.pdf.PDFParserTest" time="0.024"/>
  <testcase name="testSequentialParser" classname="org.apache.tika.parser.pdf.PDFParserTest" time="6.142"/>
  <testcase name="testSingleCloseDoc" classname="org.apache.tika.parser.pdf.PDFParserTest" time="0.022"/>
  <testcase name="testAccessCheckingEmptyPassword" classname="org.apache.tika.parser.pdf.PDFParserTest" time="0.023"/>
  <testcase name="testPDFEncodedStringsInXMP" classname="org.apache.tika.parser.pdf.PDFParserTest" time="0.02"/>
  <testcase name="testTwoTextBoxes" classname="org.apache.tika.parser.pdf.PDFParserTest" time="0.015"/>
  <testcase name="testPageNumber" classname="org.apache.tika.parser.pdf.PDFParserTest" time="0.014"/>
  <testcase name="testAccessCheckingOwnerPassword" classname="org.apache.tika.parser.pdf.PDFParserTest" time="0.045"/>
  <testcase name="testPdfParsing" classname="org.apache.tika.parser.pdf.PDFParserTest" time="0.035"/>
  <testcase name="testInlineConfig" classname="org.apache.tika.parser.pdf.PDFParserTest" time="3.016"/>
  <testcase name="testProtectedPDF" classname="org.apache.tika.parser.pdf.PDFParserTest" time="0.633"/>
  <testcase name="testMultipleAuthors" classname="org.apache.tika.parser.pdf.PDFParserTest" time="0.017"/>
  <testcase name="testPdfParsingMetadataOnly" classname="org.apache.tika.parser.pdf.PDFParserTest" time="0.012"/>
  <testcase name="testPopupAnnotation" classname="org.apache.tika.parser.pdf.PDFParserTest" time="0.017"/>
  <testcase name="testEmbeddedFilesInChildren" classname="org.apache.tika.parser.pdf.PDFParserTest" time="2.437"/>
  <testcase name="testAccessCheckingUserPassword" classname="org.apache.tika.parser.pdf.PDFParserTest" time="0.03"/>
</testsuite>